<?xml version="1.0" encoding="UTF-8"?>
<!-- Generated by org.testng.reporters.JUnitReportReporter -->
<testsuite hostname="RIV-00607" failures="0" tests="2" name="com.TestNG.DependsUponGroup" time="0.012" errors="0" timestamp="2020-08-19T10:50:58 PDT" skipped="0">
  <testcase classname="com.TestNG.DependsUponGroup" name="Testcase3" time="0.003"/>
  <system-out/>
  <testcase classname="com.TestNG.DependsUponGroup" name="Testcase2" time="0.009"/>
  <system-out/>
</testsuite> <!-- com.TestNG.DependsUponGroup -->
