<?xml version="1.0" encoding="UTF-8"?>
<!-- Generated by org.testng.reporters.JUnitReportReporter -->
<testsuite hostname="RIV-00607" failures="0" tests="2" name="com.TestNG.CrossBrowser" time="3.744" errors="0" timestamp="2020-08-20T10:48:45 PDT" skipped="0">
  <testcase classname="com.TestNG.CrossBrowser" name="facebook" time="2.018"/>
  <system-out/>
  <testcase classname="com.TestNG.CrossBrowser" name="facebook" time="1.726"/>
  <system-out/>
</testsuite> <!-- com.TestNG.CrossBrowser -->
