<?xml version="1.0" encoding="UTF-8"?>
<!-- Generated by org.testng.reporters.JUnitReportReporter -->
<testsuite hostname="RIV-00607" failures="0" tests="1" name="com.TestNG.OrangeHRM" time="8.390" errors="0" timestamp="2020-08-18T16:29:18 PDT" skipped="0">
  <testcase classname="com.TestNG.OrangeHRM" name="login" time="8.390"/>
  <system-out/>
</testsuite> <!-- com.TestNG.OrangeHRM -->
