<?xml version="1.0" encoding="UTF-8"?>
<!-- Generated by org.testng.reporters.JUnitReportReporter -->
<testsuite hostname="RIV-00607" failures="0" tests="3" name="com.TestNG.PriorityTestCase" time="0.024" errors="0" timestamp="2020-08-18T10:08:26 PDT" skipped="0">
  <testcase classname="com.TestNG.PriorityTestCase" name="Testcase2" time="0.021"/>
  <system-out/>
  <testcase classname="com.TestNG.PriorityTestCase" name="Testcase3" time="0.002"/>
  <system-out/>
  <testcase classname="com.TestNG.PriorityTestCase" name="Testcase1" time="0.001"/>
  <system-out/>
</testsuite> <!-- com.TestNG.PriorityTestCase -->
