<?xml version="1.0" encoding="UTF-8"?>
<!-- Generated by org.testng.reporters.JUnitReportReporter -->
<testsuite hostname="RIV-00607" failures="0" tests="3" name="com.TestNG.SampleTest" time="0.012" errors="0" timestamp="2020-08-18T09:59:26 PDT" skipped="0">
  <testcase classname="com.TestNG.SampleTest" name="TestCase2" time="0.002"/>
  <system-out/>
  <testcase classname="com.TestNG.SampleTest" name="TestCase1" time="0.007"/>
  <system-out/>
  <testcase classname="com.TestNG.SampleTest" name="TestCase3" time="0.003"/>
  <system-out/>
</testsuite> <!-- com.TestNG.SampleTest -->
