<?xml version="1.0" encoding="UTF-8"?>
<!-- Generated by org.testng.reporters.JUnitReportReporter -->
<testsuite hostname="RIV-00607" failures="0" tests="1" name="com.testcase.Drag_and_Drop" time="6.203" errors="0" timestamp="2020-08-19T11:38:55 PDT" skipped="0">
  <testcase classname="com.testcase.Drag_and_Drop" name="actiobOn" time="6.203"/>
  <system-out/>
</testsuite> <!-- com.testcase.Drag_and_Drop -->
