<?xml version="1.0" encoding="UTF-8"?>
<!-- Generated by org.testng.reporters.JUnitReportReporter -->
<testsuite hostname="RIV-00607" failures="0" tests="1" name="com.TestNG.CallWrapperTestNG" time="2.701" errors="0" timestamp="2020-08-19T23:30:27 PDT" skipped="0">
  <testcase classname="com.TestNG.CallWrapperTestNG" name="login" time="2.701"/>
  <system-out/>
</testsuite> <!-- com.TestNG.CallWrapperTestNG -->
