<?xml version="1.0" encoding="UTF-8"?>
<!-- Generated by org.testng.reporters.JUnitReportReporter -->
<testsuite hostname="RIV-00607" failures="0" tests="1" name="com.TestNG.Authentication" time="4.646" errors="0" timestamp="2020-09-20T16:12:19 PDT" skipped="0">
  <testcase classname="com.TestNG.Authentication" name="actiobOn" time="4.646"/>
  <system-out/>
</testsuite> <!-- com.TestNG.Authentication -->
