<?xml version="1.0" encoding="UTF-8"?>
<!-- Generated by org.testng.reporters.JUnitReportReporter -->
<testsuite hostname="RIV-00607" failures="0" tests="3" name="com.TestNG.ParrelelExecution1" time="0.026" errors="0" timestamp="2020-08-18T11:01:00 PDT" skipped="0">
  <testcase classname="com.TestNG.ParrelelExecution1" name="Testcase5" time="0.002"/>
  <system-out/>
  <testcase classname="com.TestNG.ParrelelExecution1" name="Testcase4" time="0.021"/>
  <system-out/>
  <testcase classname="com.TestNG.ParrelelExecution1" name="Testcase6" time="0.003"/>
  <system-out/>
</testsuite> <!-- com.TestNG.ParrelelExecution1 -->
