<?xml version="1.0" encoding="UTF-8"?>
<!-- Generated by org.testng.reporters.JUnitReportReporter -->
<testsuite hostname="RIV-00607" failures="0" tests="1" name="com.TestNG.ClickOnHold" time="6.060" errors="0" timestamp="2020-08-20T09:26:47 PDT" skipped="0">
  <testcase classname="com.TestNG.ClickOnHold" name="actiobOn" time="6.060"/>
  <system-out/>
</testsuite> <!-- com.TestNG.ClickOnHold -->
