<?xml version="1.0" encoding="UTF-8"?>
<!-- Generated by org.testng.reporters.JUnitReportReporter -->
<testsuite hostname="RIV-00607" failures="0" tests="3" name="Homework.FlipKart" time="5.666" errors="0" timestamp="2020-08-20T09:07:10 PDT" skipped="0">
  <testcase classname="Homework.FlipKart" name="search" time="0.299"/>
  <system-out/>
  <testcase classname="Homework.FlipKart" name="selectproduct" time="5.175"/>
  <system-out/>
  <testcase classname="Homework.FlipKart" name="addproduct" time="0.192"/>
  <system-out/>
</testsuite> <!-- Homework.FlipKart -->
