<?xml version="1.0" encoding="UTF-8"?>
<!-- Generated by org.testng.reporters.JUnitReportReporter -->
<testsuite hostname="RIV-00607" failures="0" tests="2" name="com.testCase.AdminTestCase" time="3.690" errors="0" timestamp="27 Aug 2020 05:24:56 GMT" skipped="0">
  <testcase classname="com.testCase.AdminTestCase" name="login" time="1.932"/>
  <testcase classname="com.testCase.AdminTestCase" name="adminClick" time="1.758"/>
</testsuite> <!-- com.testCase.AdminTestCase -->
