<?xml version="1.0" encoding="UTF-8"?>
<!-- Generated by org.testng.reporters.JUnitReportReporter -->
<testsuite hostname="RIV-00607" failures="0" tests="1" name="com.testCase.LoginTestCase" time="2.105" errors="0" timestamp="27 Aug 2020 00:35:08 GMT" skipped="0">
  <testcase classname="com.testCase.LoginTestCase" name="login" time="2.105"/>
</testsuite> <!-- com.testCase.LoginTestCase -->
