<?xml version="1.0" encoding="UTF-8"?>
<!-- Generated by org.testng.reporters.JUnitReportReporter -->
<testsuite hostname="RIV-00607" failures="0" tests="1" name="com.testCase.LoginTestCase" time="0.481" errors="0" timestamp="02 Sep 2020 20:19:56 GMT" skipped="0">
  <testcase classname="com.testCase.LoginTestCase" name="login" time="0.481"/>
</testsuite> <!-- com.testCase.LoginTestCase -->
